<?xml version="1.0" encoding="UTF-8"?>
<!-- Generated by org.testng.reporters.JUnitReportReporter -->
<testsuite hostname="ManiTheertham" failures="0" tests="1" name="appiumproject4.Orientation" time="20.043" errors="0" timestamp="2022-08-18T15:08:55 IST" skipped="0">
  <testcase classname="appiumproject4.Orientation" name="orientations" time="20.043"/>
  <system-out/>
</testsuite> <!-- appiumproject4.Orientation -->
