<?xml version="1.0" encoding="UTF-8"?>
<!-- Generated by org.testng.reporters.JUnitReportReporter -->
<testsuite hostname="ManiTheertham" failures="0" tests="1" name="appiumproject3.UninstallApp" time="13.737" errors="0" timestamp="2022-08-17T23:26:35 IST" skipped="0">
  <testcase classname="appiumproject3.UninstallApp" name="launchApp" time="13.737"/>
  <system-out/>
</testsuite> <!-- appiumproject3.UninstallApp -->
