<?xml version="1.0" encoding="UTF-8"?>
<!-- Generated by org.testng.reporters.JUnitReportReporter -->
<testsuite hostname="ManiTheertham" failures="0" tests="1" name="practice.Swipeaction" time="28.799" errors="0" timestamp="2022-08-18T23:37:42 IST" skipped="0">
  <testcase classname="practice.Swipeaction" name="swipe" time="28.799"/>
  <system-out/>
</testsuite> <!-- practice.Swipeaction -->
