<?xml version="1.0" encoding="UTF-8"?>
<!-- Generated by org.testng.reporters.JUnitReportReporter -->
<testsuite hostname="ManiTheertham" failures="0" tests="1" name="appiumproject4.Swipe" time="19.857" errors="0" timestamp="2022-08-18T16:31:26 IST" skipped="0">
  <testcase classname="appiumproject4.Swipe" name="swipeAction" time="19.857"/>
  <system-out/>
</testsuite> <!-- appiumproject4.Swipe -->
