<?xml version="1.0" encoding="UTF-8"?>
<!-- Generated by org.testng.reporters.JUnitReportReporter -->
<testsuite hostname="ManiTheertham" failures="0" tests="1" name="appiumproject4.Background" time="26.705" errors="0" timestamp="2022-08-18T15:14:56 IST" skipped="0">
  <testcase classname="appiumproject4.Background" name="orientations" time="26.705"/>
  <system-out/>
</testsuite> <!-- appiumproject4.Background -->
