<?xml version="1.0" encoding="UTF-8"?>
<!-- Generated by org.testng.reporters.JUnitReportReporter -->
<testsuite hostname="ManiTheertham" failures="0" tests="1" name="practice.Bigbasket" time="29.155" errors="0" timestamp="2022-08-20T12:47:16 IST" skipped="0">
  <testcase classname="practice.Bigbasket" name="bigbasketapp" time="29.155"/>
  <system-out/>
</testsuite> <!-- practice.Bigbasket -->
