<?xml version="1.0" encoding="UTF-8"?>
<!-- Generated by org.testng.reporters.JUnitReportReporter -->
<testsuite hostname="ManiTheertham" failures="0" tests="1" name="dream11ProjectScripts.VerifytheNavigationbaronHomescreenTest" time="32.075" errors="0" timestamp="2022-08-26T10:38:03 IST" skipped="0">
  <testcase classname="dream11ProjectScripts.VerifytheNavigationbaronHomescreenTest" name="navigationTool" time="32.075"/>
  <system-out/>
</testsuite> <!-- dream11ProjectScripts.VerifytheNavigationbaronHomescreenTest -->
