<?xml version="1.0" encoding="UTF-8"?>
<!-- Generated by org.testng.reporters.JUnitReportReporter -->
<testsuite hostname="ManiTheertham" failures="0" tests="1" name="appiumproject4.DragandDrop" time="27.313" errors="0" timestamp="2022-08-18T16:45:15 IST" skipped="0">
  <testcase classname="appiumproject4.DragandDrop" name="launchapplication" time="27.313"/>
  <system-out/>
</testsuite> <!-- appiumproject4.DragandDrop -->
