<?xml version="1.0" encoding="UTF-8"?>
<!-- Generated by org.testng.reporters.JUnitReportReporter -->
<testsuite hostname="ManiTheertham" failures="0" tests="1" name="appiumproject4.Calculatorlaunch" time="11.001" errors="0" timestamp="2022-08-18T10:34:44 IST" skipped="0">
  <testcase classname="appiumproject4.Calculatorlaunch" name="calculator" time="11.001"/>
  <system-out/>
</testsuite> <!-- appiumproject4.Calculatorlaunch -->
