<?xml version="1.0" encoding="UTF-8"?>
<!-- Generated by org.testng.reporters.JUnitReportReporter -->
<testsuite hostname="ManiTheertham" failures="0" tests="1" name="practice.Background" time="23.251" errors="0" timestamp="2022-08-18T23:41:38 IST" skipped="0">
  <testcase classname="practice.Background" name="backgroundapp" time="23.251"/>
  <system-out/>
</testsuite> <!-- practice.Background -->
