<?xml version="1.0" encoding="UTF-8"?>
<!-- Generated by org.testng.reporters.JUnitReportReporter -->
<testsuite hostname="ManiTheertham" failures="0" tests="1" name="appiumproject3.LaunchApp" time="15.287" errors="0" timestamp="2022-08-17T23:28:53 IST" skipped="0">
  <testcase classname="appiumproject3.LaunchApp" name="launchapplication" time="15.287"/>
  <system-out/>
</testsuite> <!-- appiumproject3.LaunchApp -->
