<?xml version="1.0" encoding="UTF-8"?>
<!-- Generated by org.testng.reporters.JUnitReportReporter -->
<testsuite hostname="ManiTheertham" failures="0" tests="1" name="dream11project.verifytheMatchCardTest" time="29.658" errors="0" timestamp="2022-08-25T20:21:09 IST" skipped="0">
  <testcase classname="dream11project.verifytheMatchCardTest" name="verifytheMatchcard" time="29.658"/>
  <system-out/>
</testsuite> <!-- dream11project.verifytheMatchCardTest -->
