<?xml version="1.0" encoding="UTF-8"?>
<!-- Generated by org.testng.reporters.JUnitReportReporter -->
<testsuite hostname="ManiTheertham" failures="0" tests="1" name="appiumproject3.InstallApp" time="14.186" errors="0" timestamp="2022-08-17T23:28:23 IST" skipped="0">
  <testcase classname="appiumproject3.InstallApp" name="install" time="14.186"/>
  <system-out/>
</testsuite> <!-- appiumproject3.InstallApp -->
