<?xml version="1.0" encoding="UTF-8"?>
<!-- Generated by org.testng.reporters.JUnitReportReporter -->
<testsuite hostname="ManiTheertham" failures="0" tests="1" name="assignment.WhatsApp" time="28.256" errors="0" timestamp="2022-08-19T23:32:51 IST" skipped="0">
  <testcase classname="assignment.WhatsApp" name="whatsup" time="28.256"/>
  <system-out/>
</testsuite> <!-- assignment.WhatsApp -->
