<?xml version="1.0" encoding="UTF-8"?>
<!-- Generated by org.testng.reporters.JUnitReportReporter -->
<testsuite hostname="ManiTheertham" failures="0" tests="1" name="practice.Generalstore" time="70.758" errors="0" timestamp="2022-08-22T10:54:14 IST" skipped="0">
  <testcase classname="practice.Generalstore" name="launchapplication" time="70.758"/>
  <system-out/>
</testsuite> <!-- practice.Generalstore -->
