<?xml version="1.0" encoding="UTF-8"?>
<!-- Generated by org.testng.reporters.JUnitReportReporter -->
<testsuite hostname="ManiTheertham" failures="0" tests="1" name="practice.DragandDrop" time="26.256" errors="0" timestamp="2022-08-18T21:51:26 IST" skipped="0">
  <testcase classname="practice.DragandDrop" name="drag" time="26.256"/>
  <system-out/>
</testsuite> <!-- practice.DragandDrop -->
