<?xml version="1.0" encoding="UTF-8"?>
<!-- Generated by org.testng.reporters.JUnitReportReporter -->
<testsuite hostname="ManiTheertham" failures="0" tests="1" name="appiumproject2.InstallApp" time="18.505" errors="0" timestamp="2022-08-18T16:22:21 IST" skipped="0">
  <testcase classname="appiumproject2.InstallApp" name="install" time="18.505"/>
  <system-out/>
</testsuite> <!-- appiumproject2.InstallApp -->
