<?xml version="1.0" encoding="UTF-8"?>
<!-- Generated by org.testng.reporters.JUnitReportReporter -->
<testsuite hostname="ManiTheertham" failures="0" tests="1" name="practice.Switchapp" time="15.747" errors="0" timestamp="2022-08-22T11:00:57 IST" skipped="0">
  <testcase classname="practice.Switchapp" name="switchapp" time="15.747"/>
  <system-out/>
</testsuite> <!-- practice.Switchapp -->
