<?xml version="1.0" encoding="UTF-8"?>
<!-- Generated by org.testng.reporters.JUnitReportReporter -->
<testsuite hostname="ManiTheertham" failures="0" tests="1" name="assignment.EbayAddProduct" time="48.877" errors="0" timestamp="2022-08-20T09:34:30 IST" skipped="0">
  <testcase classname="assignment.EbayAddProduct" name="addtheProductinCart" time="48.877"/>
  <system-out/>
</testsuite> <!-- assignment.EbayAddProduct -->
