<?xml version="1.0" encoding="UTF-8"?>
<!-- Generated by org.testng.reporters.JUnitReportReporter -->
<testsuite hostname="ManiTheertham" failures="0" tests="1" name="appiumproject4.Switchaction" time="16.566" errors="0" timestamp="2022-08-18T16:49:05 IST" skipped="0">
  <testcase classname="appiumproject4.Switchaction" name="launchapplication" time="16.566"/>
  <system-out/>
</testsuite> <!-- appiumproject4.Switchaction -->
