<?xml version="1.0" encoding="UTF-8"?>
<!-- Generated by org.testng.reporters.JUnitReportReporter -->
<testsuite hostname="ManiTheertham" failures="0" tests="1" name="practice.Bigbull" time="69.630" errors="0" timestamp="2022-08-23T23:05:49 IST" skipped="0">
  <testcase classname="practice.Bigbull" name="bigBasket" time="69.630"/>
  <system-out/>
</testsuite> <!-- practice.Bigbull -->
