<?xml version="1.0" encoding="UTF-8"?>
<!-- Generated by org.testng.reporters.JUnitReportReporter -->
<testsuite hostname="ManiTheertham" failures="0" tests="1" name="appiumproject4.Generalstore" time="34.224" errors="0" timestamp="2022-08-18T21:26:51 IST" skipped="0">
  <testcase classname="appiumproject4.Generalstore" name="launchapplication" time="34.224"/>
  <system-out/>
</testsuite> <!-- appiumproject4.Generalstore -->
